<?xml version="1.0" encoding="UTF-8"?>
<!-- Generated by org.testng.reporters.JUnitReportReporter -->
<testsuite hostname="DESKTOP-I50C56H" failures="0" tests="1" name="com.testscenarios.PhoneDeleteNode" time="5.874" errors="0" timestamp="2023-01-20T14:00:49 GST" skipped="0">
  <testcase classname="com.testscenarios.PhoneDeleteNode" name="f" time="5.874"/>
  <system-out/>
</testsuite> <!-- com.testscenarios.PhoneDeleteNode -->
