<?xml version="1.0" encoding="UTF-8"?>
<!-- Generated by org.testng.reporters.JUnitReportReporter -->
<testsuite hostname="DESKTOP-I50C56H" failures="0" tests="1" name="com.testscenarios.PhonePlatform" time="9.959" errors="0" timestamp="2023-01-21T15:17:18 GST" skipped="0">
  <testcase classname="com.testscenarios.PhonePlatform" name="f" time="9.959"/>
  <system-out/>
</testsuite> <!-- com.testscenarios.PhonePlatform -->
