<?xml version="1.0" encoding="UTF-8"?>
<!-- Generated by org.testng.reporters.JUnitReportReporter -->
<testsuite hostname="DESKTOP-I50C56H" failures="0" tests="1" name="com.testscenarios.PhoneInvalidLogin" time="4.670" errors="0" timestamp="2023-01-20T12:58:12 GST" skipped="0">
  <testcase classname="com.testscenarios.PhoneInvalidLogin" name="f" time="4.670"/>
  <system-out/>
</testsuite> <!-- com.testscenarios.PhoneInvalidLogin -->
