<?xml version="1.0" encoding="UTF-8"?>
<!-- Generated by org.testng.reporters.JUnitReportReporter -->
<testsuite hostname="DESKTOP-I50C56H" failures="0" tests="1" name="com.testscenarios.PhoneExtension" time="15.567" errors="0" timestamp="2023-01-21T15:07:26 GST" skipped="0">
  <testcase classname="com.testscenarios.PhoneExtension" name="f" time="15.567"/>
  <system-out/>
</testsuite> <!-- com.testscenarios.PhoneExtension -->
